2014-03-29 13:23:05 INFO  o.s.t.c.TestContextManager:185 - @TestExecutionListeners is not present for class [class com.promostree.tests.CoreServiceTests]: using defaults.
2014-03-29 13:23:05 INFO  o.s.b.f.x.XmlBeanDefinitionReader:315 - Loading XML bean definitions from class path resource [application-context.xml]
2014-03-29 13:23:06 INFO  o.s.c.s.GenericApplicationContext:503 - Refreshing org.springframework.context.support.GenericApplicationContext@906f9df: startup date [Sat Mar 29 13:23:06 IST 2014]; root of context hierarchy
2014-03-29 13:23:06 INFO  o.s.b.f.c.PropertyPlaceholderConfigurer:177 - Loading properties file from class path resource [DataBase.properties]
2014-03-29 13:23:07 INFO  o.s.o.j.LocalContainerEntityManagerFactoryBean:283 - Building JPA container EntityManagerFactory for persistence unit 'default'
2014-03-29 13:23:07 WARN  o.h.e.HibernatePersistence:58 - HHH015016: Encountered a deprecated javax.persistence.spi.PersistenceProvider [org.hibernate.ejb.HibernatePersistence]; use [org.hibernate.jpa.HibernatePersistenceProvider] instead.
2014-03-29 13:23:07 INFO  o.h.j.i.u.LogHelper:46 - HHH000204: Processing PersistenceUnitInfo [
	name: default
	...]
2014-03-29 13:23:07 INFO  o.h.Version:54 - HHH000412: Hibernate Core {4.3.1.Final}
2014-03-29 13:23:07 INFO  o.h.c.Environment:239 - HHH000206: hibernate.properties not found
2014-03-29 13:23:07 INFO  o.h.c.Environment:346 - HHH000021: Bytecode provider name : javassist
2014-03-29 13:23:07 INFO  o.h.a.c.Version:66 - HCANN000001: Hibernate Commons Annotations {4.0.4.Final}
2014-03-29 13:23:08 INFO  o.h.d.Dialect:145 - HHH000400: Using dialect: org.hibernate.dialect.MySQLDialect
2014-03-29 13:23:08 INFO  o.h.e.j.i.LobCreatorBuilder:123 - HHH000424: Disabling contextual LOB creation as createClob() method threw error : java.lang.reflect.InvocationTargetException
2014-03-29 13:23:08 INFO  o.h.h.i.a.ASTQueryTranslatorFactory:47 - HHH000397: Using ASTQueryTranslatorFactory
2014-03-29 13:23:08 INFO  o.h.v.i.u.Version:27 - HV000001: Hibernate Validator 4.3.1.Final
2014-03-29 13:23:09 INFO  o.s.b.f.s.DefaultListableBeanFactory:577 - Pre-instantiating singletons in org.springframework.beans.factory.support.DefaultListableBeanFactory@7f156f46: defining beans [org.springframework.context.annotation.internalConfigurationAnnotationProcessor,org.springframework.context.annotation.internalAutowiredAnnotationProcessor,org.springframework.context.annotation.internalRequiredAnnotationProcessor,org.springframework.context.annotation.internalCommonAnnotationProcessor,org.springframework.context.annotation.internalPersistenceAnnotationProcessor,searchHelper,searchServiceImpl,coreServiceImpl,dataSource,entityManagerFactory,transactionManager,groupsRepository,locationRepository,venueRepository,categoryRepository,merchantRepository,addressRepository,offerRepository,groupRepository,shoutRepository,org.springframework.data.repository.core.support.RepositoryInterfaceAwareBeanPostProcessor#0,org.springframework.beans.factory.config.PropertyPlaceholderConfigurer#0,com.promostree.resources.solr.Application#0,org.springframework.context.annotation.ConfigurationClassPostProcessor.importAwareProcessor,org.springframework.aop.config.internalAutoProxyCreator,org.springframework.data.repository.core.support.RepositoryInterfaceAwareBeanPostProcessor#1,solrVenueRepository,org.springframework.transaction.annotation.ProxyTransactionManagementConfiguration,org.springframework.transaction.config.internalTransactionAdvisor,transactionAttributeSource,transactionInterceptor,solrServer,solrTemplate]; root of factory hierarchy
2014-03-29 13:23:09 INFO  o.a.s.c.s.i.HttpClientUtil:103 - Creating new http client, config:maxConnections=128&maxConnectionsPerHost=32&followRedirects=false
2014-03-29 13:23:10 INFO  o.s.c.s.GenericApplicationContext:1032 - Closing org.springframework.context.support.GenericApplicationContext@906f9df: startup date [Sat Mar 29 13:23:06 IST 2014]; root of context hierarchy
2014-03-29 13:23:10 INFO  o.s.b.f.s.DefaultListableBeanFactory:434 - Destroying singletons in org.springframework.beans.factory.support.DefaultListableBeanFactory@7f156f46: defining beans [org.springframework.context.annotation.internalConfigurationAnnotationProcessor,org.springframework.context.annotation.internalAutowiredAnnotationProcessor,org.springframework.context.annotation.internalRequiredAnnotationProcessor,org.springframework.context.annotation.internalCommonAnnotationProcessor,org.springframework.context.annotation.internalPersistenceAnnotationProcessor,searchHelper,searchServiceImpl,coreServiceImpl,dataSource,entityManagerFactory,transactionManager,groupsRepository,locationRepository,venueRepository,categoryRepository,merchantRepository,addressRepository,offerRepository,groupRepository,shoutRepository,org.springframework.data.repository.core.support.RepositoryInterfaceAwareBeanPostProcessor#0,org.springframework.beans.factory.config.PropertyPlaceholderConfigurer#0,com.promostree.resources.solr.Application#0,org.springframework.context.annotation.ConfigurationClassPostProcessor.importAwareProcessor,org.springframework.aop.config.internalAutoProxyCreator,org.springframework.data.repository.core.support.RepositoryInterfaceAwareBeanPostProcessor#1,solrVenueRepository,org.springframework.transaction.annotation.ProxyTransactionManagementConfiguration,org.springframework.transaction.config.internalTransactionAdvisor,transactionAttributeSource,transactionInterceptor,solrServer,solrTemplate]; root of factory hierarchy
2014-03-29 13:23:10 INFO  o.s.o.j.LocalContainerEntityManagerFactoryBean:441 - Closing JPA EntityManagerFactory for persistence unit 'default'
2014-03-29 13:23:25 INFO  o.s.t.c.TestContextManager:185 - @TestExecutionListeners is not present for class [class com.promostree.tests.SearchServiceTest]: using defaults.
2014-03-29 13:23:25 INFO  o.s.b.f.x.XmlBeanDefinitionReader:315 - Loading XML bean definitions from class path resource [application-context.xml]
2014-03-29 13:23:26 INFO  o.s.c.s.GenericApplicationContext:503 - Refreshing org.springframework.context.support.GenericApplicationContext@13447e86: startup date [Sat Mar 29 13:23:26 IST 2014]; root of context hierarchy
2014-03-29 13:23:26 INFO  o.s.b.f.c.PropertyPlaceholderConfigurer:177 - Loading properties file from class path resource [DataBase.properties]
2014-03-29 13:23:27 INFO  o.s.o.j.LocalContainerEntityManagerFactoryBean:283 - Building JPA container EntityManagerFactory for persistence unit 'default'
2014-03-29 13:23:27 WARN  o.h.e.HibernatePersistence:58 - HHH015016: Encountered a deprecated javax.persistence.spi.PersistenceProvider [org.hibernate.ejb.HibernatePersistence]; use [org.hibernate.jpa.HibernatePersistenceProvider] instead.
2014-03-29 13:23:27 INFO  o.h.j.i.u.LogHelper:46 - HHH000204: Processing PersistenceUnitInfo [
	name: default
	...]
2014-03-29 13:23:27 INFO  o.h.Version:54 - HHH000412: Hibernate Core {4.3.1.Final}
2014-03-29 13:23:27 INFO  o.h.c.Environment:239 - HHH000206: hibernate.properties not found
2014-03-29 13:23:27 INFO  o.h.c.Environment:346 - HHH000021: Bytecode provider name : javassist
2014-03-29 13:23:28 INFO  o.h.a.c.Version:66 - HCANN000001: Hibernate Commons Annotations {4.0.4.Final}
2014-03-29 13:23:28 INFO  o.h.d.Dialect:145 - HHH000400: Using dialect: org.hibernate.dialect.MySQLDialect
2014-03-29 13:23:28 INFO  o.h.e.j.i.LobCreatorBuilder:123 - HHH000424: Disabling contextual LOB creation as createClob() method threw error : java.lang.reflect.InvocationTargetException
2014-03-29 13:23:28 INFO  o.h.h.i.a.ASTQueryTranslatorFactory:47 - HHH000397: Using ASTQueryTranslatorFactory
2014-03-29 13:23:28 INFO  o.h.v.i.u.Version:27 - HV000001: Hibernate Validator 4.3.1.Final
2014-03-29 13:23:29 INFO  o.s.b.f.s.DefaultListableBeanFactory:577 - Pre-instantiating singletons in org.springframework.beans.factory.support.DefaultListableBeanFactory@1865b0e5: defining beans [org.springframework.context.annotation.internalConfigurationAnnotationProcessor,org.springframework.context.annotation.internalAutowiredAnnotationProcessor,org.springframework.context.annotation.internalRequiredAnnotationProcessor,org.springframework.context.annotation.internalCommonAnnotationProcessor,org.springframework.context.annotation.internalPersistenceAnnotationProcessor,searchHelper,searchServiceImpl,coreServiceImpl,dataSource,entityManagerFactory,transactionManager,categoryRepository,merchantRepository,groupsRepository,offerRepository,shoutRepository,venueRepository,groupRepository,locationRepository,addressRepository,org.springframework.data.repository.core.support.RepositoryInterfaceAwareBeanPostProcessor#0,org.springframework.beans.factory.config.PropertyPlaceholderConfigurer#0,com.promostree.resources.solr.Application#0,org.springframework.context.annotation.ConfigurationClassPostProcessor.importAwareProcessor,org.springframework.aop.config.internalAutoProxyCreator,org.springframework.data.repository.core.support.RepositoryInterfaceAwareBeanPostProcessor#1,solrVenueRepository,org.springframework.transaction.annotation.ProxyTransactionManagementConfiguration,org.springframework.transaction.config.internalTransactionAdvisor,transactionAttributeSource,transactionInterceptor,solrServer,solrTemplate]; root of factory hierarchy
2014-03-29 13:23:29 INFO  o.a.s.c.s.i.HttpClientUtil:103 - Creating new http client, config:maxConnections=128&maxConnectionsPerHost=32&followRedirects=false
2014-03-29 13:23:30 INFO  c.p.s.s.SearchServiceImpl:65 - enter into nearestVenues(User user) 
2014-03-29 13:23:30 INFO  o.s.c.s.GenericApplicationContext:1032 - Closing org.springframework.context.support.GenericApplicationContext@13447e86: startup date [Sat Mar 29 13:23:26 IST 2014]; root of context hierarchy
2014-03-29 13:23:30 INFO  o.s.b.f.s.DefaultListableBeanFactory:434 - Destroying singletons in org.springframework.beans.factory.support.DefaultListableBeanFactory@1865b0e5: defining beans [org.springframework.context.annotation.internalConfigurationAnnotationProcessor,org.springframework.context.annotation.internalAutowiredAnnotationProcessor,org.springframework.context.annotation.internalRequiredAnnotationProcessor,org.springframework.context.annotation.internalCommonAnnotationProcessor,org.springframework.context.annotation.internalPersistenceAnnotationProcessor,searchHelper,searchServiceImpl,coreServiceImpl,dataSource,entityManagerFactory,transactionManager,categoryRepository,merchantRepository,groupsRepository,offerRepository,shoutRepository,venueRepository,groupRepository,locationRepository,addressRepository,org.springframework.data.repository.core.support.RepositoryInterfaceAwareBeanPostProcessor#0,org.springframework.beans.factory.config.PropertyPlaceholderConfigurer#0,com.promostree.resources.solr.Application#0,org.springframework.context.annotation.ConfigurationClassPostProcessor.importAwareProcessor,org.springframework.aop.config.internalAutoProxyCreator,org.springframework.data.repository.core.support.RepositoryInterfaceAwareBeanPostProcessor#1,solrVenueRepository,org.springframework.transaction.annotation.ProxyTransactionManagementConfiguration,org.springframework.transaction.config.internalTransactionAdvisor,transactionAttributeSource,transactionInterceptor,solrServer,solrTemplate]; root of factory hierarchy
2014-03-29 13:23:30 INFO  o.s.o.j.LocalContainerEntityManagerFactoryBean:441 - Closing JPA EntityManagerFactory for persistence unit 'default'
